<?xml version="1.0" encoding="UTF-8"?>
<!-- Generated by org.testng.reporters.JUnitReportReporter -->
<testsuite hostname="NastiaPC" name="com.example.tests.GroupRemoval" tests="1" failures="0" timestamp="28 Jan 2015 02:42:01 GMT" time="1.006" errors="0">
  <testcase name="deleteFerstGrop" time="1.006" classname="com.example.tests.GroupRemoval"/>
</testsuite> <!-- com.example.tests.GroupRemoval -->
