<?xml version="1.0" encoding="UTF-8"?>
<!-- Generated by org.testng.reporters.JUnitReportReporter -->
<testsuite hostname="NastiaPC" name="com.example.tests.ContactRemovalTests" tests="1" failures="0" timestamp="17 Feb 2015 07:07:52 GMT" time="0.675" errors="0">
  <testcase name="testFirstContactCanBeRemoved" time="0.675" classname="com.example.tests.ContactRemovalTests"/>
</testsuite> <!-- com.example.tests.ContactRemovalTests -->
