<?xml version="1.0" encoding="UTF-8"?>
<!-- Generated by org.testng.reporters.JUnitReportReporter -->
<testsuite hostname="NastiaPC" name="com.example.tests.ContactModificationTests" tests="1" failures="0" timestamp="17 Feb 2015 07:07:52 GMT" time="32.121" errors="0">
  <testcase name="testFirstCanBeModified" time="32.121" classname="com.example.tests.ContactModificationTests"/>
</testsuite> <!-- com.example.tests.ContactModificationTests -->
