<?xml version="1.0" encoding="UTF-8"?>
<!-- Generated by org.testng.reporters.JUnitReportReporter -->
<testsuite hostname="NastiaPC" name="com.example.tests.GroupModificationTests" tests="2" failures="0" timestamp="17 Feb 2015 07:20:45 GMT" time="10.136" errors="0">
  <testcase name="testUiAndDbConformsWithModel" time="0.119" classname="com.example.tests.GroupModificationTests"/>
  <testcase name="testFirstCanBeModified" time="10.017" classname="com.example.tests.GroupModificationTests"/>
</testsuite> <!-- com.example.tests.GroupModificationTests -->
