<?xml version="1.0" encoding="UTF-8"?>
<!-- Generated by org.testng.reporters.JUnitReportReporter -->
<testsuite hostname="NastiaPC" name="com.example.tests.GroupCreation" tests="2" failures="0" timestamp="17 Feb 2015 07:22:06 GMT" time="10.206" errors="0">
  <testcase name="AddGrop" time="10.066" classname="com.example.tests.GroupCreation"/>
  <testcase name="testUiAndDbConformsWithModel" time="0.140" classname="com.example.tests.GroupCreation"/>
</testsuite> <!-- com.example.tests.GroupCreation -->
