<?xml version="1.0" encoding="UTF-8"?>
<!-- Generated by org.testng.reporters.JUnitReportReporter -->
<testsuite hostname="NastiaPC" name="com.example.tests.DbTest" tests="1" failures="0" timestamp="17 Feb 2015 07:07:52 GMT" time="0.004" errors="0">
  <testcase name="testDBConnection" time="0.004" classname="com.example.tests.DbTest"/>
</testsuite> <!-- com.example.tests.DbTest -->
