<?xml version="1.0" encoding="UTF-8"?>
<!-- Generated by org.testng.reporters.JUnitReportReporter -->
<testsuite hostname="NastiaPC" name="com.example.tests.GroupModify" tests="1" failures="0" timestamp="28 Jan 2015 02:42:01 GMT" time="26.685" errors="0">
  <testcase name="ModifyGrop" time="26.685" classname="com.example.tests.GroupModify"/>
</testsuite> <!-- com.example.tests.GroupModify -->
