<?xml version="1.0" encoding="UTF-8"?>
<!-- Generated by org.testng.reporters.JUnitReportReporter -->
<testsuite hostname="NastiaPC" name="com.example.tests.GroupRemovalTests" tests="2" failures="0" timestamp="17 Feb 2015 07:21:04 GMT" time="9.264" errors="0">
  <testcase name="testSomeCanBeRemoved" time="9.154" classname="com.example.tests.GroupRemovalTests"/>
  <testcase name="testUiAndDbConformsWithModel" time="0.110" classname="com.example.tests.GroupRemovalTests"/>
</testsuite> <!-- com.example.tests.GroupRemovalTests -->
